2024-09-12 23:37:19 {
    "response": {
        "status": "0003",
        "balance": 0,
        "err_text": "Invalid action"
    }
}
2024-09-12 23:37:52 {
    "response": {
        "status": "0003",
        "balance": 0,
        "err_text": "Invalid action"
    }
}
2024-09-12 23:38:46 {
    "response": {
        "status": "0003",
        "balance": 0,
        "err_text": "Invalid action"
    }
}
2024-09-12 23:39:36 {
    "response": {
        "status": "0003",
        "balance": 0,
        "err_text": "Invalid action"
    }
}
2024-09-12 23:39:39 {
    "response": {
        "status": "0003",
        "balance": 0,
        "err_text": "Invalid action"
    }
}
2024-09-12 23:39:49 {
    "response": {
        "status": "0003",
        "balance": 0,
        "err_text": "Invalid action"
    }
}
2024-09-12 23:39:54 {
    "response": {
        "status": "0003",
        "balance": 0,
        "err_text": "Invalid action"
    }
}
2024-09-12 23:43:55 {
    "response": {
        "status": "0003",
        "balance": 0,
        "err_text": "Invalid action"
    }
}
2024-09-12 23:43:58 {
    "response": {
        "status": "0003",
        "balance": 0,
        "err_text": "Invalid action"
    }
}
2024-09-12 23:44:06 {
    "response": {
        "status": "0003",
        "balance": 0,
        "err_text": "Invalid action"
    }
}
2024-09-12 23:46:01 {
    "response": {
        "status": "0003",
        "balance": 0,
        "err_text": "Invalid action"
    }
}
2024-09-12 23:46:05 {
    "response": {
        "status": "0003",
        "balance": 0,
        "err_text": "Invalid action"
    }
}
2024-09-12 23:46:07 {
    "response": {
        "status": "0003",
        "balance": 0,
        "err_text": "Invalid action"
    }
}
2024-09-12 23:46:10 {
    "response": {
        "status": "0003",
        "balance": 0,
        "err_text": "Invalid action"
    }
}
